<?xml version="1.0" encoding="UTF-8"?>
<testsuite name="com.stroeer.controller.CommentsControllerTest" tests="3" skipped="0" failures="0" errors="0" timestamp="2025-05-03T14:09:14" hostname="Mac" time="0.073">
  <properties/>
  <testcase name="test GET comments endpoint success" classname="com.stroeer.controller.CommentsControllerTest" time="0.066"/>
  <testcase name="test GET comments endpoint user not found" classname="com.stroeer.controller.CommentsControllerTest" time="0.002"/>
  <testcase name="test GET comments endpoint posts not found" classname="com.stroeer.controller.CommentsControllerTest" time="0.002"/>
  <system-out><![CDATA[?[36m16:09:14.417?[0;39m ?[1;30m[pool-1-thread-1 @coroutine#6]?[0;39m ?[34mINFO ?[0;39m ?[35mi.m.c.DefaultApplicationContext$RuntimeConfiguredEnvironment?[0;39m - Established active environments: [test]
]]></system-out>
  <system-err><![CDATA[WARNING: A Java agent has been loaded dynamically (/Users/kareemelzayat/.gradle/caches/modules-2/files-2.1/net.bytebuddy/byte-buddy-agent/1.17.0/8a17b8b598c80fd624df6c38ac5bffd13100418e/byte-buddy-agent-1.17.0.jar)
WARNING: If a serviceability tool is in use, please run with -XX:+EnableDynamicAgentLoading to hide this warning
WARNING: If a serviceability tool is not in use, please run with -Djdk.instrument.traceUsage for more information
WARNING: Dynamic loading of agents will be disallowed by default in a future release
]]></system-err>
</testsuite>
