<?xml version="1.0" encoding="UTF-8"?>
<testsuite name="com.stroeer.service.CommentsServiceTest" tests="4" skipped="0" failures="0" errors="0" timestamp="2025-05-03T14:09:14" hostname="Mac" time="24.677">
  <properties/>
  <testcase name="getUserComments should return user and posts successfully" classname="com.stroeer.service.CommentsServiceTest" time="24.65"/>
  <testcase name="getUserComments should handle user not found" classname="com.stroeer.service.CommentsServiceTest" time="0.012"/>
  <testcase name="getUserComments should handle posts not found" classname="com.stroeer.service.CommentsServiceTest" time="0.005"/>
  <testcase name="getUserComments should handle exceptions from user client" classname="com.stroeer.service.CommentsServiceTest" time="0.006"/>
  <system-out><![CDATA[?[36m16:09:14.601?[0;39m ?[1;30m[pool-1-thread-1 @coroutine#15]?[0;39m ?[34mINFO ?[0;39m ?[35mi.m.c.DefaultApplicationContext$RuntimeConfiguredEnvironment?[0;39m - Established active environments: [test]
]]></system-out>
  <system-err><![CDATA[]]></system-err>
</testsuite>
