<?xml version="1.0" encoding="UTF-8"?>
<testsuite name="com.stroeer.service.CommentsServiceTest" tests="4" skipped="0" failures="0" errors="0" timestamp="2025-05-03T13:29:29" hostname="Mac" time="0.154">
  <properties/>
  <testcase name="getUserComments should return user and posts successfully" classname="com.stroeer.service.CommentsServiceTest" time="0.136"/>
  <testcase name="getUserComments should handle user not found" classname="com.stroeer.service.CommentsServiceTest" time="0.008"/>
  <testcase name="getUserComments should handle posts not found" classname="com.stroeer.service.CommentsServiceTest" time="0.004"/>
  <testcase name="getUserComments should handle exceptions from user client" classname="com.stroeer.service.CommentsServiceTest" time="0.004"/>
  <system-out><![CDATA[?[36m15:29:29.389?[0;39m ?[1;30m[pool-1-thread-1 @coroutine#15]?[0;39m ?[34mINFO ?[0;39m ?[35mi.m.c.DefaultApplicationContext$RuntimeConfiguredEnvironment?[0;39m - Established active environments: [test]
?[36m15:29:29.410?[0;39m ?[1;30m[pool-1-thread-1 @coroutine#15]?[0;39m ?[34mINFO ?[0;39m ?[35mcom.zaxxer.hikari.HikariDataSource?[0;39m - HikariPool-3 - Starting...
?[36m15:29:29.412?[0;39m ?[1;30m[pool-1-thread-1 @coroutine#15]?[0;39m ?[34mINFO ?[0;39m ?[35mcom.zaxxer.hikari.pool.HikariPool?[0;39m - HikariPool-3 - Added connection conn13: url=jdbc:h2:mem:devDb user=SA
?[36m15:29:29.412?[0;39m ?[1;30m[pool-1-thread-1 @coroutine#15]?[0;39m ?[34mINFO ?[0;39m ?[35mcom.zaxxer.hikari.HikariDataSource?[0;39m - HikariPool-3 - Start completed.
?[36m15:29:29.413?[0;39m ?[1;30m[pool-1-thread-1 @coroutine#15]?[0;39m ?[34mINFO ?[0;39m ?[35mo.h.c.i.RegionFactoryInitiator?[0;39m - HHH000026: Second-level cache disabled
?[36m15:29:29.415?[0;39m ?[1;30m[pool-1-thread-1 @coroutine#15]?[0;39m ?[34mINFO ?[0;39m ?[35mo.hibernate.orm.connections.pooling?[0;39m - HHH10001005: Database info:
	Database JDBC URL [Connecting through datasource 'HikariDataSource (HikariPool-3)']
	Database driver: undefined/unknown
	Database version: 2.3.232
	Autocommit mode: undefined/unknown
	Isolation level: undefined/unknown
	Minimum pool size: undefined/unknown
	Maximum pool size: undefined/unknown
?[36m15:29:29.614?[0;39m ?[1;30m[Test worker @coroutine#4]?[0;39m ?[34mINFO ?[0;39m ?[35mcom.zaxxer.hikari.HikariDataSource?[0;39m - HikariPool-3 - Shutdown initiated...
?[36m15:29:29.630?[0;39m ?[1;30m[Test worker @coroutine#4]?[0;39m ?[34mINFO ?[0;39m ?[35mcom.zaxxer.hikari.HikariDataSource?[0;39m - HikariPool-3 - Shutdown completed.
]]></system-out>
  <system-err><![CDATA[]]></system-err>
</testsuite>
