<?xml version="1.0" encoding="UTF-8"?>
<testsuite name="com.stroeer.StroeerChallengeTest" tests="1" skipped="0" failures="0" errors="0" timestamp="2025-05-03T13:29:28" hostname="Mac" time="0.063">
  <properties/>
  <testcase name="test the server is running" classname="com.stroeer.StroeerChallengeTest" time="0.063"/>
  <system-out><![CDATA[?[36m15:29:27.588?[0;39m ?[1;30m[Test worker @coroutine#2]?[0;39m ?[34mINFO ?[0;39m ?[35mi.m.c.DefaultApplicationContext$RuntimeConfiguredEnvironment?[0;39m - Established active environments: [test]
?[36m15:29:27.946?[0;39m ?[1;30m[Test worker @coroutine#2]?[0;39m ?[34mINFO ?[0;39m ?[35morg.hibernate.Version?[0;39m - HHH000412: Hibernate ORM core version 6.6.9.Final
?[36m15:29:27.964?[0;39m ?[1;30m[Test worker @coroutine#2]?[0;39m ?[34mINFO ?[0;39m ?[35mcom.zaxxer.hikari.HikariDataSource?[0;39m - HikariPool-1 - Starting...
?[36m15:29:28.039?[0;39m ?[1;30m[Test worker @coroutine#2]?[0;39m ?[34mINFO ?[0;39m ?[35mcom.zaxxer.hikari.pool.HikariPool?[0;39m - HikariPool-1 - Added connection conn0: url=jdbc:h2:mem:devDb user=SA
?[36m15:29:28.039?[0;39m ?[1;30m[Test worker @coroutine#2]?[0;39m ?[34mINFO ?[0;39m ?[35mcom.zaxxer.hikari.HikariDataSource?[0;39m - HikariPool-1 - Start completed.
?[36m15:29:28.058?[0;39m ?[1;30m[Test worker @coroutine#2]?[0;39m ?[34mINFO ?[0;39m ?[35mo.h.c.i.RegionFactoryInitiator?[0;39m - HHH000026: Second-level cache disabled
?[36m15:29:28.128?[0;39m ?[1;30m[Test worker @coroutine#2]?[0;39m ?[34mINFO ?[0;39m ?[35mo.hibernate.orm.connections.pooling?[0;39m - HHH10001005: Database info:
	Database JDBC URL [Connecting through datasource 'HikariDataSource (HikariPool-1)']
	Database driver: undefined/unknown
	Database version: 2.3.232
	Autocommit mode: undefined/unknown
	Isolation level: undefined/unknown
	Minimum pool size: undefined/unknown
	Maximum pool size: undefined/unknown
?[36m15:29:28.798?[0;39m ?[1;30m[Test worker @coroutine#2]?[0;39m ?[34mINFO ?[0;39m ?[35mcom.zaxxer.hikari.HikariDataSource?[0;39m - HikariPool-1 - Shutdown initiated...
?[36m15:29:28.799?[0;39m ?[1;30m[Test worker @coroutine#2]?[0;39m ?[34mINFO ?[0;39m ?[35mcom.zaxxer.hikari.HikariDataSource?[0;39m - HikariPool-1 - Shutdown completed.
]]></system-out>
  <system-err><![CDATA[]]></system-err>
</testsuite>
